TN:
SF:src/assets/images/limit.png
FNF:0
FNH:0
DA:1,1
LF:1
LH:1
BRF:0
BRH:0
end_of_record
TN:
SF:src/assets/images/show.png
FNF:0
FNH:0
DA:1,1
LF:1
LH:1
BRF:0
BRH:0
end_of_record
TN:
SF:src/assets/images/visa.png
FNF:0
FNH:0
DA:1,1
LF:1
LH:1
BRF:0
BRH:0
end_of_record
TN:
SF:src/assets/images/white_logo.png
FNF:0
FNH:0
DA:1,1
LF:1
LH:1
BRF:0
BRH:0
end_of_record
TN:
SF:src/component/index.ts
FNF:0
FNH:0
LF:0
LH:0
BRF:0
BRH:0
end_of_record
TN:
SF:src/component/AppText/index.tsx
FN:5,(anonymous_0)
FNF:1
FNH:1
FNDA:15,(anonymous_0)
DA:5,5
DA:6,15
LF:2
LH:2
BRF:0
BRH:0
end_of_record
TN:
SF:src/component/BankCard/index.tsx
FN:17,(anonymous_0)
FN:22,(anonymous_1)
FN:45,(anonymous_2)
FN:68,(anonymous_3)
FNF:4
FNH:3
FNDA:1,(anonymous_0)
FNDA:1,(anonymous_1)
FNDA:1,(anonymous_2)
FNDA:0,(anonymous_3)
DA:17,5
DA:18,1
DA:20,1
DA:22,1
DA:23,1
DA:24,0
DA:35,1
DA:45,1
DA:46,1
DA:47,1
DA:54,0
DA:61,1
DA:68,0
LF:13
LH:10
BRDA:23,0,0,0
BRDA:23,0,1,1
BRDA:46,1,0,1
BRDA:46,1,1,0
BRDA:69,2,0,1
BRDA:69,2,1,0
BRDA:81,3,0,1
BRDA:81,3,1,0
BRDA:95,4,0,0
BRDA:95,4,1,1
BRF:10
BRH:5
end_of_record
TN:
SF:src/component/BankCard/styles.ts
FNF:0
FNH:0
DA:9,5
LF:1
LH:1
BRF:0
BRH:0
end_of_record
TN:
SF:src/component/DotGroup/index.tsx
FN:5,(anonymous_0)
FNF:1
FNH:1
FNDA:4,(anonymous_0)
DA:5,5
DA:6,4
LF:2
LH:2
BRF:0
BRH:0
end_of_record
TN:
SF:src/component/DotGroup/styles.ts
FNF:0
FNH:0
DA:3,5
LF:1
LH:1
BRF:0
BRH:0
end_of_record
TN:
SF:src/component/FunctionalItem/index.tsx
FN:17,(anonymous_0)
FN:28,(anonymous_1)
FNF:2
FNH:1
FNDA:2,(anonymous_0)
FNDA:0,(anonymous_1)
DA:17,5
DA:26,2
DA:28,2
DA:29,0
DA:32,2
LF:5
LH:4
BRDA:29,0,0,0
BRDA:29,0,1,0
BRDA:44,1,0,2
BRDA:44,1,1,1
BRF:4
BRH:2
end_of_record
TN:
SF:src/component/FunctionalItem/styles.tsx
FNF:0
FNH:0
DA:3,5
LF:1
LH:1
BRF:0
BRH:0
end_of_record
TN:
SF:src/component/Header/index.tsx
FN:11,(anonymous_0)
FN:15,(anonymous_1)
FNF:2
FNH:0
FNDA:0,(anonymous_0)
FNDA:0,(anonymous_1)
DA:11,5
DA:12,0
DA:13,0
DA:15,0
DA:16,0
DA:17,0
DA:21,0
LF:7
LH:1
BRDA:16,0,0,0
BRDA:16,0,1,0
BRDA:24,1,0,0
BRDA:24,1,1,0
BRF:4
BRH:0
end_of_record
TN:
SF:src/component/Header/styles.ts
FNF:0
FNH:0
DA:4,5
LF:1
LH:1
BRF:0
BRH:0
end_of_record
TN:
SF:src/component/MoneyTag/index.tsx
FN:11,(anonymous_0)
FNF:1
FNH:1
FNDA:2,(anonymous_0)
DA:11,5
DA:12,2
DA:14,2
LF:3
LH:3
BRF:0
BRH:0
end_of_record
TN:
SF:src/component/MoneyTag/styles.ts
FNF:0
FNH:0
DA:3,5
LF:1
LH:1
BRF:0
BRH:0
end_of_record
TN:
SF:src/component/TabBar/index.tsx
FN:7,(anonymous_0)
FN:24,(anonymous_1)
FN:35,(anonymous_2)
FN:47,(anonymous_3)
FN:54,(anonymous_4)
FNF:5
FNH:0
FNDA:0,(anonymous_0)
FNDA:0,(anonymous_1)
FNDA:0,(anonymous_2)
FNDA:0,(anonymous_3)
FNDA:0,(anonymous_4)
DA:7,5
DA:8,0
DA:10,0
DA:12,0
DA:13,0
DA:16,0
DA:25,0
DA:27,0
DA:33,0
DA:35,0
DA:36,0
DA:42,0
DA:43,0
DA:47,0
DA:48,0
DA:54,0
DA:55,0
DA:57,0
DA:58,0
DA:66,0
DA:75,0
DA:76,0
DA:84,0
DA:93,0
DA:94,0
DA:102,0
DA:111,0
DA:112,0
DA:120,0
DA:129,0
DA:130,0
DA:138,0
DA:148,0
DA:152,0
LF:34
LH:1
BRDA:12,0,0,0
BRDA:12,0,1,0
BRDA:27,1,0,0
BRDA:27,1,1,0
BRDA:29,2,0,0
BRDA:29,2,1,0
BRDA:42,3,0,0
BRDA:42,3,1,0
BRDA:42,4,0,0
BRDA:42,4,1,0
BRDA:55,5,0,0
BRDA:55,5,1,0
BRDA:55,5,2,0
BRDA:55,5,3,0
BRDA:55,5,4,0
BRDA:55,5,5,0
BRDA:57,6,0,0
BRDA:57,6,1,0
BRDA:75,7,0,0
BRDA:75,7,1,0
BRDA:93,8,0,0
BRDA:93,8,1,0
BRDA:111,9,0,0
BRDA:111,9,1,0
BRDA:129,10,0,0
BRDA:129,10,1,0
BRDA:157,11,0,0
BRDA:157,11,1,0
BRDA:167,12,0,0
BRDA:167,12,1,0
BRF:30
BRH:0
end_of_record
TN:
SF:src/component/TabBar/styles.ts
FNF:0
FNH:0
DA:3,5
LF:1
LH:1
BRF:0
BRH:0
end_of_record
TN:
SF:src/helper/Constants.ts
FNF:0
FNH:0
DA:3,5
DA:5,5
DA:7,5
DA:9,5
DA:11,5
DA:13,5
DA:16,5
DA:18,5
LF:8
LH:8
BRF:0
BRH:0
end_of_record
